<?xml version="1.0" encoding="UTF-8"?>
<!-- Generated by org.testng.reporters.JUnitReportReporter -->
<testsuite hostname="DESKTOP-4G6V73A" failures="0" tests="3" name="testLayer.ImdbPageTest" time="6.907" errors="0" timestamp="08 Dec 2022 04:14:54 GMT" skipped="0">
  <testcase classname="testLayer.ImdbPageTest" name="clickonImdb" time="6.826"/>
  <testcase classname="testLayer.ImdbPageTest" name="captureCountry" time="0.046"/>
  <testcase classname="testLayer.ImdbPageTest" name="captureReleaseDate" time="0.035"/>
</testsuite> <!-- testLayer.ImdbPageTest -->
