<?xml version="1.0" encoding="UTF-8"?>
<!-- Generated by org.testng.reporters.JUnitReportReporter -->
<testsuite hostname="DESKTOP-4G6V73A" failures="0" tests="2" name="com.TestLayer.ValidationWIkiAndImdb" time="0.002" errors="0" timestamp="08 Dec 2022 04:31:44 GMT" skipped="0">
  <testcase classname="com.TestLayer.ValidationWIkiAndImdb" name="validateCountry" time="0.001"/>
  <testcase classname="com.TestLayer.ValidationWIkiAndImdb" name="validateReleaseDate" time="0.001"/>
</testsuite> <!-- com.TestLayer.ValidationWIkiAndImdb -->
