<?xml version="1.0" encoding="UTF-8"?>
<!-- Generated by org.testng.reporters.JUnitReportReporter -->
<testsuite hostname="DESKTOP-4G6V73A" failures="0" tests="1" name="testLayer.GooglePageTest" time="3.832" errors="0" timestamp="08 Dec 2022 04:14:54 GMT" skipped="0">
  <testcase classname="testLayer.GooglePageTest" name="searchOnGoogle" time="3.832"/>
</testsuite> <!-- testLayer.GooglePageTest -->
