<?xml version="1.0" encoding="UTF-8"?>
<!-- Generated by org.testng.reporters.JUnitReportReporter -->
<testsuite hostname="LAPTOP-ILJDTQAB" failures="0" tests="1" name="testLayer.TestClass" time="10.169" errors="0" timestamp="07 Dec 2022 08:44:28 GMT" skipped="0">
  <testcase classname="testLayer.TestClass" name="veriFication" time="10.169"/>
</testsuite> <!-- testLayer.TestClass -->
