<?xml version="1.0" encoding="UTF-8"?>
<!-- Generated by org.testng.reporters.JUnitReportReporter -->
<testsuite hostname="DESKTOP-4G6V73A" failures="0" tests="2" name="testLayer.ValidationWIkiAndImdb" time="0.004" errors="0" timestamp="08 Dec 2022 04:14:54 GMT" skipped="0">
  <testcase classname="testLayer.ValidationWIkiAndImdb" name="validateCountry" time="0.002"/>
  <testcase classname="testLayer.ValidationWIkiAndImdb" name="validateReleaseDate" time="0.002"/>
</testsuite> <!-- testLayer.ValidationWIkiAndImdb -->
