<?xml version="1.0" encoding="UTF-8"?>
<!-- Generated by org.testng.reporters.JUnitReportReporter -->
<testsuite hostname="DESKTOP-4G6V73A" failures="0" tests="2" name="com.TestLayer.WikipediaPageTest" time="0.297" errors="0" timestamp="08 Dec 2022 04:31:44 GMT" skipped="0">
  <testcase classname="com.TestLayer.WikipediaPageTest" name="captureCountry" time="0.064"/>
  <testcase classname="com.TestLayer.WikipediaPageTest" name="captureReleaseDate" time="0.233"/>
</testsuite> <!-- com.TestLayer.WikipediaPageTest -->
