<?xml version="1.0" encoding="UTF-8"?>
<!-- Generated by org.testng.reporters.JUnitReportReporter -->
<testsuite hostname="DESKTOP-4G6V73A" failures="0" tests="3" name="com.TestLayer.ImdbPageTest" time="2.642" errors="0" timestamp="08 Dec 2022 04:31:44 GMT" skipped="0">
  <testcase classname="com.TestLayer.ImdbPageTest" name="clickonImdb" time="2.473"/>
  <testcase classname="com.TestLayer.ImdbPageTest" name="captureCountry" time="0.084"/>
  <testcase classname="com.TestLayer.ImdbPageTest" name="captureReleaseDate" time="0.085"/>
</testsuite> <!-- com.TestLayer.ImdbPageTest -->
