<?xml version="1.0" encoding="UTF-8"?>
<!-- Generated by org.testng.reporters.JUnitReportReporter -->
<testsuite hostname="DESKTOP-4G6V73A" failures="0" tests="1" name="com.TestLayer.GooglePageTest" time="3.755" errors="0" timestamp="08 Dec 2022 04:31:44 GMT" skipped="0">
  <testcase classname="com.TestLayer.GooglePageTest" name="searchOnGoogle" time="3.755"/>
</testsuite> <!-- com.TestLayer.GooglePageTest -->
