<?xml version="1.0" encoding="UTF-8"?>
<!-- Generated by org.testng.reporters.JUnitReportReporter -->
<testsuite hostname="DESKTOP-4G6V73A" failures="0" tests="1" name="testLayer.GoogleSearchPageTest" time="1.821" errors="0" timestamp="08 Dec 2022 04:14:54 GMT" skipped="0">
  <testcase classname="testLayer.GoogleSearchPageTest" name="clickonWiki" time="1.821"/>
</testsuite> <!-- testLayer.GoogleSearchPageTest -->
