<?xml version="1.0" encoding="UTF-8"?>
<!-- Generated by org.testng.reporters.JUnitReportReporter -->
<testsuite hostname="DESKTOP-4G6V73A" failures="0" tests="2" name="testLayer.WikipediaPageTest" time="0.218" errors="0" timestamp="08 Dec 2022 04:14:54 GMT" skipped="0">
  <testcase classname="testLayer.WikipediaPageTest" name="captureCountry" time="0.160"/>
  <testcase classname="testLayer.WikipediaPageTest" name="captureReleaseDate" time="0.058"/>
</testsuite> <!-- testLayer.WikipediaPageTest -->
