<?xml version="1.0" encoding="UTF-8"?>
<!-- Generated by org.testng.reporters.JUnitReportReporter -->
<testsuite hostname="DESKTOP-4G6V73A" failures="0" tests="2" name="com.TestLayer.GoogleSearchPageTest" time="0.147" errors="0" timestamp="08 Dec 2022 04:31:44 GMT" skipped="0">
  <testcase classname="com.TestLayer.GoogleSearchPageTest" name="verifyGoogleSearchPageTitle" time="0.010"/>
  <testcase classname="com.TestLayer.GoogleSearchPageTest" name="clickonWiki" time="0.137"/>
</testsuite> <!-- com.TestLayer.GoogleSearchPageTest -->
